<?xml version="1.0" encoding="UTF-8"?>
<!-- Generated by org.testng.reporters.JUnitReportReporter -->
<testsuite skipped="0" hostname="Barun-PC" name="com.org.cucumber.TestNG.runner1.RunnerWithTestNGTest" tests="1" failures="0" timestamp="07 Oct 2018 17:57:19 GMT" time="0.313" errors="0">
  <testcase name="feature" time="0.313" classname="com.org.cucumber.TestNG.runner1.RunnerWithTestNGTest"/>
</testsuite> <!-- com.org.cucumber.TestNG.runner1.RunnerWithTestNGTest -->
