<?xml version="1.0" encoding="UTF-8"?>
<!-- Generated by org.testng.reporters.JUnitReportReporter -->
<testsuite hostname="Barun-PC" name="com.org.framework.NewTest" tests="1" failures="0" timestamp="6 Oct 2018 07:04:28 GMT" time="0.016" errors="0">
  <testcase name="abc" time="0.016" classname="com.org.framework.NewTest"/>
</testsuite> <!-- com.org.framework.NewTest -->
