<?xml version="1.0" encoding="UTF-8"?>
<!-- Generated by org.testng.reporters.JUnitReportReporter -->
<testsuite skipped="0" hostname="Barun-PC" name="com.org.cucumber.runner.RunnerWithTestNGTest" tests="1" failures="0" timestamp="06 Oct 2018 13:10:23 GMT" time="0.234" errors="0">
  <testcase name="feature" time="0.234" classname="com.org.cucumber.runner.RunnerWithTestNGTest"/>
</testsuite> <!-- com.org.cucumber.runner.RunnerWithTestNGTest -->
