<?xml version="1.0" encoding="UTF-8"?>
<!-- Generated by org.testng.reporters.JUnitReportReporter -->
<testsuite skipped="0" hostname="Barun-PC" name="com.org.cucumber.TestNG.runner.RunnerWithTestNGTest" tests="1" failures="0" timestamp="07 Oct 2018 15:47:12 GMT" time="1.016" errors="0">
  <testcase name="feature" time="1.016" classname="com.org.cucumber.TestNG.runner.RunnerWithTestNGTest"/>
</testsuite> <!-- com.org.cucumber.TestNG.runner.RunnerWithTestNGTest -->
